Arguments: 
  /usr/local/bin/node /usr/local/bin/yarn add iamtraction/google-translate

PATH: 
  /usr/local/bin:/System/Cryptexes/App/usr/bin:/usr/bin:/bin:/usr/sbin:/sbin:/opt/homebrew/bin:/opt/homebrew/sbin:/Users/leo/Documents/apache-maven-3.6.3/bin:/Users/leo/Documents/apache-tomcat-8.5.51/bin:/Users/leo/Documents/apache-maven-3.6.3/bin:/Users/leo/Documents/apache-tomcat-8.5.51/bin

Yarn version: 
  1.22.19

Node version: 
  16.13.1

Platform: 
  darwin arm64

Trace: 
  Error: connect ECONNREFUSED 0.0.0.0:443
      at TCPConnectWrap.afterConnect [as oncomplete] (node:net:1161:16)

npm manifest: 
  {
    "name": "translate-tool",
    "version": "1.0.0",
    "description": "",
    "main": "file-srt.js",
    "scripts": {
      "test": "echo \"Error: no test specified\" && exit 1"
    },
    "keywords": [],
    "author": "",
    "license": "ISC",
    "dependencies": {
      "axios": "^0.27.2",
      "crypto": "^1.0.1",
      "google-translate-api": "^2.3.0",
      "single-line-log": "^1.1.2"
    },
    "devDependencies": {
      "tencentcloud-sdk-nodejs": "^4.0.423"
    }
  }

yarn manifest: 
  No manifest

Lockfile: 
  # THIS IS AN AUTOGENERATED FILE. DO NOT EDIT THIS FILE DIRECTLY.
  # yarn lockfile v1
  
  
  agent-base@6:
    version "6.0.2"
    resolved "https://registry.npmmirror.com/agent-base/-/agent-base-6.0.2.tgz#49fff58577cfee3f37176feab4c22e00f86d7f77"
    integrity sha512-RZNwNclF7+MS/8bDg70amg32dyeZGZxiDuQmZxKLAlQjr3jGyLx+4Kkk58UO7D2QdgFIQCovuSuZESne6RG6XQ==
    dependencies:
      debug "4"
  
  ansi-regex@^2.0.0:
    version "2.1.1"
    resolved "https://registry.npmmirror.com/ansi-regex/-/ansi-regex-2.1.1.tgz#c3b33ab5ee360d86e0e628f0468ae7ef27d654df"
    integrity sha512-TIGnTpdo+E3+pCyAluZvtED5p5wCqLdezCyhPZzKPcxvFplEt4i+W7OONCKgeZFT3+y5NZZfOOS/Bdcanm1MYA==
  
  asynckit@^0.4.0:
    version "0.4.0"
    resolved "https://registry.npmmirror.com/asynckit/-/asynckit-0.4.0.tgz#c79ed97f7f34cb8f2ba1bc9790bcc366474b4b79"
    integrity sha512-Oei9OH4tRh0YqU3GxhX79dM/mwVgvbZJaSNaRk+bshkj0S5cfHcgYakreBjrHwatXKbz+IoIdYLxrKim2MjW0Q==
  
  axios@^0.27.2:
    version "0.27.2"
    resolved "https://registry.npmmirror.com/axios/-/axios-0.27.2.tgz#207658cc8621606e586c85db4b41a750e756d972"
    integrity sha512-t+yRIyySRTp/wua5xEr+z1q60QmLq8ABsS5O9Me1AsE5dfKqgnCFzwiCZZ/cGNd1lq4/7akDWMxdhVlucjmnOQ==
    dependencies:
      follow-redirects "^1.14.9"
      form-data "^4.0.0"
  
  capture-stack-trace@^1.0.0:
    version "1.0.2"
    resolved "https://registry.npmmirror.com/capture-stack-trace/-/capture-stack-trace-1.0.2.tgz#1c43f6b059d4249e7f3f8724f15f048b927d3a8a"
    integrity sha512-X/WM2UQs6VMHUtjUDnZTRI+i1crWteJySFzr9UpGoQa4WQffXVTTXuekjl7TjZRlcF2XfjgITT0HxZ9RnxeT0w==
  
  code-point-at@^1.0.0:
    version "1.1.0"
    resolved "https://registry.npmmirror.com/code-point-at/-/code-point-at-1.1.0.tgz#0d070b4d043a5bea33a2f1a40e2edb3d9a4ccf77"
    integrity sha512-RpAVKQA5T63xEj6/giIbUEtZwJ4UFIc3ZtvEkiaUERylqe8xb5IvqcgOurZLahv93CLKfxcw5YI+DZcUBRyLXA==
  
  combined-stream@^1.0.8:
    version "1.0.8"
    resolved "https://registry.npmmirror.com/combined-stream/-/combined-stream-1.0.8.tgz#c3d45a8b34fd730631a110a8a2520682b31d5a7f"
    integrity sha512-FQN4MRfuJeHf7cBbBMJFXhKSDq+2kAArBlmRBvcvFE5BB1HZKXtSFASDhdlz9zOYwxh8lDdnvmMOe/+5cdoEdg==
    dependencies:
      delayed-stream "~1.0.0"
  
  configstore@^2.0.0:
    version "2.1.0"
    resolved "https://registry.npmmirror.com/configstore/-/configstore-2.1.0.tgz#737a3a7036e9886102aa6099e47bb33ab1aba1a1"
    integrity sha512-BOCxwwxF5WPspp1OBq9j0JLyL5JgJOTssz9PdOHr8VWjFijaC3PpjU48vFEX3uxx8sTusnVQckLbNzBq6fmkGw==
    dependencies:
      dot-prop "^3.0.0"
      graceful-fs "^4.1.2"
      mkdirp "^0.5.0"
      object-assign "^4.0.1"
      os-tmpdir "^1.0.0"
      osenv "^0.1.0"
      uuid "^2.0.1"
      write-file-atomic "^1.1.2"
      xdg-basedir "^2.0.0"
  
  create-error-class@^3.0.0:
    version "3.0.2"
    resolved "https://registry.npmmirror.com/create-error-class/-/create-error-class-3.0.2.tgz#06be7abef947a3f14a30fd610671d401bca8b7b6"
    integrity sha512-gYTKKexFO3kh200H1Nit76sRwRtOY32vQd3jpAQKpLtZqyNsSQNfI4N7o3eP2wUjV35pTWKRYqFUDBvUha/Pkw==
    dependencies:
      capture-stack-trace "^1.0.0"
  
  crypto@^1.0.1:
    version "1.0.1"
    resolved "https://registry.npmmirror.com/crypto/-/crypto-1.0.1.tgz#2af1b7cad8175d24c8a1b0778255794a21803037"
    integrity sha512-VxBKmeNcqQdiUQUW2Tzq0t377b54N2bMtXO/qiLa+6eRRmmC4qT3D4OnTGoT/U6O9aklQ/jTwbOtRMTTY8G0Ig==
  
  debug@4:
    version "4.3.4"
    resolved "https://registry.npmmirror.com/debug/-/debug-4.3.4.tgz#1319f6579357f2338d3337d2cdd4914bb5dcc865"
    integrity sha512-PRWFHuSU3eDtQJPvnNY7Jcket1j0t5OuOsFzPPzsekD52Zl8qUfFIPEiswXqIvHWGVHOgX+7G/vCNNhehwxfkQ==
    dependencies:
      ms "2.1.2"
  
  delayed-stream@~1.0.0:
    version "1.0.0"
    resolved "https://registry.npmmirror.com/delayed-stream/-/delayed-stream-1.0.0.tgz#df3ae199acadfb7d440aaae0b29e2272b24ec619"
    integrity sha512-ZySD7Nf91aLB0RxL4KGrKHBXl7Eds1DAmEdcoVawXnLD7SDhpNgtuII2aAkg7a7QS41jxPSZ17p4VdGnMHk3MQ==
  
  dot-prop@^3.0.0:
    version "3.0.0"
    resolved "https://registry.npmmirror.com/dot-prop/-/dot-prop-3.0.0.tgz#1b708af094a49c9a0e7dbcad790aba539dac1177"
    integrity sha512-k4ELWeEU3uCcwub7+dWydqQBRjAjkV9L33HjVRG5Xo2QybI6ja/v+4W73SRi8ubCqJz0l9XsTP1NbewfyqaSlw==
    dependencies:
      is-obj "^1.0.0"
  
  duplexer3@^0.1.4:
    version "0.1.5"
    resolved "https://registry.npmmirror.com/duplexer3/-/duplexer3-0.1.5.tgz#0b5e4d7bad5de8901ea4440624c8e1d20099217e"
    integrity sha512-1A8za6ws41LQgv9HrE/66jyC5yuSjQ3L/KOpFtoBilsAK2iA2wuS5rTt1OCzIvtS2V7nVmedsUU+DGRcjBmOYA==
  
  follow-redirects@^1.14.9:
    version "1.15.2"
    resolved "https://registry.npmmirror.com/follow-redirects/-/follow-redirects-1.15.2.tgz#b460864144ba63f2681096f274c4e57026da2c13"
    integrity sha512-VQLG33o04KaQ8uYi2tVNbdrWp1QWxNNea+nmIB4EVM28v0hmP17z7aG1+wAkNzVq4KeXTq3221ye5qTJP91JwA==
  
  form-data@^3.0.0:
    version "3.0.1"
    resolved "https://registry.npmmirror.com/form-data/-/form-data-3.0.1.tgz#ebd53791b78356a99af9a300d4282c4d5eb9755f"
    integrity sha512-RHkBKtLWUVwd7SqRIvCZMEvAMoGUp0XU+seQiZejj0COz3RI3hWP4sCv3gZWWLjJTd7rGwcsF5eKZGii0r/hbg==
    dependencies:
      asynckit "^0.4.0"
      combined-stream "^1.0.8"
      mime-types "^2.1.12"
  
  form-data@^4.0.0:
    version "4.0.0"
    resolved "https://registry.npmmirror.com/form-data/-/form-data-4.0.0.tgz#93919daeaf361ee529584b9b31664dc12c9fa452"
    integrity sha512-ETEklSGi5t0QMZuiXoA/Q6vcnxcLQP5vdugSpuAyi6SVGi2clPPp+xgEhuMaHC+zGgn31Kd235W35f7Hykkaww==
    dependencies:
      asynckit "^0.4.0"
      combined-stream "^1.0.8"
      mime-types "^2.1.12"
  
  get-stream@^3.0.0:
    version "3.0.0"
    resolved "https://registry.npmmirror.com/get-stream/-/get-stream-3.0.0.tgz#8e943d1358dc37555054ecbe2edb05aa174ede14"
    integrity sha512-GlhdIUuVakc8SJ6kK0zAFbiGzRFzNnY4jUuEbV9UROo4Y+0Ny4fjvcZFVTeDA4odpFyOQzaw6hXukJSq/f28sQ==
  
  get-stream@^6.0.0:
    version "6.0.1"
    resolved "https://registry.npmmirror.com/get-stream/-/get-stream-6.0.1.tgz#a262d8eef67aced57c2852ad6167526a43cbf7b7"
    integrity sha512-ts6Wi+2j3jQjqi70w5AlN8DFnkSwC+MqmxEzdEALB2qXZYV3X/b1CTfgPLGJNMeAWxdPfU8FO1ms3NUfaHCPYg==
  
  google-translate-api@^2.3.0:
    version "2.3.0"
    resolved "https://registry.npmmirror.com/google-translate-api/-/google-translate-api-2.3.0.tgz#626730a123da0d57af3735dd707cda71cee919c7"
    integrity sha512-a7MRJpSAoS9HyQPE7Yqp5jYSRePWju53+Je/AkgU//zbSmZhy2tc+MvxlwbOegpptT7Ep6GCt7Q1/j7WmTntZw==
    dependencies:
      configstore "^2.0.0"
      google-translate-token latest
      got "^6.3.0"
      safe-eval "^0.3.0"
  
  google-translate-token@latest:
    version "1.0.0"
    resolved "https://registry.npmmirror.com/google-translate-token/-/google-translate-token-1.0.0.tgz#be943445786f00c3765dec31f490dac21228d3f8"
    integrity sha512-X+cONF24KI3PP94ih3L8QlqNgVxZxsfOyJtX93UISO7TRdTSrFpp4rmDpyS/x6xRxJOLcd6ApCTAkB+tNFtc3g==
    dependencies:
      configstore "^2.0.0"
      got "^6.3.0"
  
  got@^6.3.0:
    version "6.7.1"
    resolved "https://registry.npmmirror.com/got/-/got-6.7.1.tgz#240cd05785a9a18e561dc1b44b41c763ef1e8db0"
    integrity sha512-Y/K3EDuiQN9rTZhBvPRWMLXIKdeD1Rj0nzunfoi0Yyn5WBEbzxXKU9Ub2X41oZBagVWOBU3MuDonFMgPWQFnwg==
    dependencies:
      create-error-class "^3.0.0"
      duplexer3 "^0.1.4"
      get-stream "^3.0.0"
      is-redirect "^1.0.0"
      is-retry-allowed "^1.0.0"
      is-stream "^1.0.0"
      lowercase-keys "^1.0.0"
      safe-buffer "^5.0.1"
      timed-out "^4.0.0"
      unzip-response "^2.0.1"
      url-parse-lax "^1.0.0"
  
  graceful-fs@^4.1.11, graceful-fs@^4.1.2:
    version "4.2.10"
    resolved "https://registry.npmmirror.com/graceful-fs/-/graceful-fs-4.2.10.tgz#147d3a006da4ca3ce14728c7aefc287c367d7a6c"
    integrity sha512-9ByhssR2fPVsNZj478qUUbKfmL0+t5BDVyjShtyZZLiK7ZDAArFFfopyOTj0M05wE2tJPisA4iTnnXl2YoPvOA==
  
  https-proxy-agent@^5.0.0:
    version "5.0.1"
    resolved "https://registry.npmmirror.com/https-proxy-agent/-/https-proxy-agent-5.0.1.tgz#c59ef224a04fe8b754f3db0063a25ea30d0005d6"
    integrity sha512-dFcAjpTQFgoLMzC2VwU+C/CbS7uRL0lWmxDITmqm7C+7F0Odmj6s9l6alZc6AELXhrnggM2CeWSXHGOdX2YtwA==
    dependencies:
      agent-base "6"
      debug "4"
  
  imurmurhash@^0.1.4:
    version "0.1.4"
    resolved "https://registry.npmmirror.com/imurmurhash/-/imurmurhash-0.1.4.tgz#9218b9b2b928a238b13dc4fb6b6d576f231453ea"
    integrity sha512-JmXMZ6wuvDmLiHEml9ykzqO6lwFbof0GG4IkcGaENdCRDDmMVnny7s5HsIgHCbaq0w2MyPhDqkhTUgS2LU2PHA==
  
  is-fullwidth-code-point@^1.0.0:
    version "1.0.0"
    resolved "https://registry.npmmirror.com/is-fullwidth-code-point/-/is-fullwidth-code-point-1.0.0.tgz#ef9e31386f031a7f0d643af82fde50c457ef00cb"
    integrity sha512-1pqUqRjkhPJ9miNq9SwMfdvi6lBJcd6eFxvfaivQhaH3SgisfiuudvFntdKOmxuee/77l+FPjKrQjWvmPjWrRw==
    dependencies:
      number-is-nan "^1.0.0"
  
  is-obj@^1.0.0:
    version "1.0.1"
    resolved "https://registry.npmmirror.com/is-obj/-/is-obj-1.0.1.tgz#3e4729ac1f5fde025cd7d83a896dab9f4f67db0f"
    integrity sha512-l4RyHgRqGN4Y3+9JHVrNqO+tN0rV5My76uW5/nuO4K1b6vw5G8d/cmFjP9tRfEsdhZNt0IFdZuK/c2Vr4Nb+Qg==
  
  is-redirect@^1.0.0:
    version "1.0.0"
    resolved "https://registry.npmmirror.com/is-redirect/-/is-redirect-1.0.0.tgz#1d03dded53bd8db0f30c26e4f95d36fc7c87dc24"
    integrity sha512-cr/SlUEe5zOGmzvj9bUyC4LVvkNVAXu4GytXLNMr1pny+a65MpQ9IJzFHD5vi7FyJgb4qt27+eS3TuQnqB+RQw==
  
  is-retry-allowed@^1.0.0:
    version "1.2.0"
    resolved "https://registry.npmmirror.com/is-retry-allowed/-/is-retry-allowed-1.2.0.tgz#d778488bd0a4666a3be8a1482b9f2baafedea8b4"
    integrity sha512-RUbUeKwvm3XG2VYamhJL1xFktgjvPzL0Hq8C+6yrWIswDy3BIXGqCxhxkc30N9jqK311gVU137K8Ei55/zVJRg==
  
  is-stream@^1.0.0:
    version "1.1.0"
    resolved "https://registry.npmmirror.com/is-stream/-/is-stream-1.1.0.tgz#12d4a3dd4e68e0b79ceb8dbc84173ae80d91ca44"
    integrity sha512-uQPm8kcs47jx38atAcWTVxyltQYoPT68y9aWYdV6yWXSyW8mzSat0TL6CiWdZeCdF3KrAvpVtnHbTv4RN+rqdQ==
  
  is-stream@^2.0.0:
    version "2.0.1"
    resolved "https://registry.npmmirror.com/is-stream/-/is-stream-2.0.1.tgz#fac1e3d53b97ad5a9d0ae9cef2389f5810a5c077"
    integrity sha512-hFoiJiTl63nn+kstHGBtewWSKnQLpyb155KHheA1l39uvtO9nWIop1p3udqPcUd/xbF1VLMO4n7OI6p7RbngDg==
  
  lowercase-keys@^1.0.0:
    version "1.0.1"
    resolved "https://registry.npmmirror.com/lowercase-keys/-/lowercase-keys-1.0.1.tgz#6f9e30b47084d971a7c820ff15a6c5167b74c26f"
    integrity sha512-G2Lj61tXDnVFFOi8VZds+SoQjtQC3dgokKdDG2mTm1tx4m50NUHBOZSBwQQHyy0V12A0JTG4icfZQH+xPyh8VA==
  
  mime-db@1.52.0:
    version "1.52.0"
    resolved "https://registry.npmmirror.com/mime-db/-/mime-db-1.52.0.tgz#bbabcdc02859f4987301c856e3387ce5ec43bf70"
    integrity sha512-sPU4uV7dYlvtWJxwwxHD0PuihVNiE7TyAbQ5SWxDCB9mUYvOgroQOwYQQOKPJ8CIbE+1ETVlOoK1UC2nU3gYvg==
  
  mime-types@^2.1.12:
    version "2.1.35"
    resolved "https://registry.npmmirror.com/mime-types/-/mime-types-2.1.35.tgz#381a871b62a734450660ae3deee44813f70d959a"
    integrity sha512-ZDY+bPm5zTTF+YpCrAU9nK0UgICYPT0QtT1NZWFv4s++TNkcgVaT0g6+4R2uI4MjQjzysHB1zxuWL50hzaeXiw==
    dependencies:
      mime-db "1.52.0"
  
  minimist@^1.2.6:
    version "1.2.8"
    resolved "https://registry.npmmirror.com/minimist/-/minimist-1.2.8.tgz#c1a464e7693302e082a075cee0c057741ac4772c"
    integrity sha512-2yyAR8qBkN3YuheJanUpWC5U3bb5osDywNB8RzDVlDwDHbocAJveqqj1u8+SVD7jkWT4yvsHCpWqqWqAxb0zCA==
  
  mkdirp@^0.5.0:
    version "0.5.6"
    resolved "https://registry.npmmirror.com/mkdirp/-/mkdirp-0.5.6.tgz#7def03d2432dcae4ba1d611445c48396062255f6"
    integrity sha512-FP+p8RB8OWpF3YZBCrP5gtADmtXApB5AMLn+vdyA+PyxCjrCs00mjyUozssO33cwDeT3wNGdLxJ5M//YqtHAJw==
    dependencies:
      minimist "^1.2.6"
  
  ms@2.1.2:
    version "2.1.2"
    resolved "https://registry.npmmirror.com/ms/-/ms-2.1.2.tgz#d09d1f357b443f493382a8eb3ccd183872ae6009"
    integrity sha512-sGkPx+VjMtmA6MX27oA4FBFELFCZZ4S4XqeGOXCv68tT+jb3vk/RyaKWP0PTKyWtmLSM0b+adUTEvbs1PEaH2w==
  
  node-fetch@^2.2.0:
    version "2.6.9"
    resolved "https://registry.npmmirror.com/node-fetch/-/node-fetch-2.6.9.tgz#7c7f744b5cc6eb5fd404e0c7a9fec630a55657e6"
    integrity sha512-DJm/CJkZkRjKKj4Zi4BsKVZh3ValV5IR5s7LVZnW+6YMh0W1BfNA8XSs6DLMGYlId5F3KnA70uu2qepcR08Qqg==
    dependencies:
      whatwg-url "^5.0.0"
  
  number-is-nan@^1.0.0:
    version "1.0.1"
    resolved "https://registry.npmmirror.com/number-is-nan/-/number-is-nan-1.0.1.tgz#097b602b53422a522c1afb8790318336941a011d"
    integrity sha512-4jbtZXNAsfZbAHiiqjLPBiCl16dES1zI4Hpzzxw61Tk+loF+sBDBKx1ICKKKwIqQ7M0mFn1TmkN7euSncWgHiQ==
  
  object-assign@^4.0.1:
    version "4.1.1"
    resolved "https://registry.npmmirror.com/object-assign/-/object-assign-4.1.1.tgz#2109adc7965887cfc05cbbd442cac8bfbb360863"
    integrity sha512-rJgTQnkUnH1sFw8yT6VSU3zD3sWmu6sZhIseY8VX+GRu3P6F7Fu+JNDoXfklElbLJSnc3FUQHVe4cU5hj+BcUg==
  
  os-homedir@^1.0.0:
    version "1.0.2"
    resolved "https://registry.npmmirror.com/os-homedir/-/os-homedir-1.0.2.tgz#ffbc4988336e0e833de0c168c7ef152121aa7fb3"
    integrity sha512-B5JU3cabzk8c67mRRd3ECmROafjYMXbuzlwtqdM8IbS8ktlTix8aFGb2bAGKrSRIlnfKwovGUUr72JUPyOb6kQ==
  
  os-tmpdir@^1.0.0:
    version "1.0.2"
    resolved "https://registry.npmmirror.com/os-tmpdir/-/os-tmpdir-1.0.2.tgz#bbe67406c79aa85c5cfec766fe5734555dfa1274"
    integrity sha512-D2FR03Vir7FIu45XBY20mTb+/ZSWB00sjU9jdQXt83gDrI4Ztz5Fs7/yy74g2N5SVQY4xY1qDr4rNddwYRVX0g==
  
  osenv@^0.1.0:
    version "0.1.5"
    resolved "https://registry.npmmirror.com/osenv/-/osenv-0.1.5.tgz#85cdfafaeb28e8677f416e287592b5f3f49ea410"
    integrity sha512-0CWcCECdMVc2Rw3U5w9ZjqX6ga6ubk1xDVKxtBQPK7wis/0F2r9T6k4ydGYhecl7YUBxBVxhL5oisPsNxAPe2g==
    dependencies:
      os-homedir "^1.0.0"
      os-tmpdir "^1.0.0"
  
  prepend-http@^1.0.1:
    version "1.0.4"
    resolved "https://registry.npmmirror.com/prepend-http/-/prepend-http-1.0.4.tgz#d4f4562b0ce3696e41ac52d0e002e57a635dc6dc"
    integrity sha512-PhmXi5XmoyKw1Un4E+opM2KcsJInDvKyuOumcjjw3waw86ZNjHwVUOOWLc4bCzLdcKNaWBH9e99sbWzDQsVaYg==
  
  safe-buffer@^5.0.1:
    version "5.2.1"
    resolved "https://registry.npmmirror.com/safe-buffer/-/safe-buffer-5.2.1.tgz#1eaf9fa9bdb1fdd4ec75f58f9cdb4e6b7827eec6"
    integrity sha512-rp3So07KcdmmKbGvgaNxQSJr7bGVSVk5S9Eq1F+ppbRo70+YeaDxkw5Dd8NPN+GD6bjnYm2VuPuCXmpuYvmCXQ==
  
  safe-eval@^0.3.0:
    version "0.3.0"
    resolved "https://registry.npmmirror.com/safe-eval/-/safe-eval-0.3.0.tgz#06ce111eebd9c185abaff008ec0fcffc5c5be00c"
    integrity sha512-uPIAjU2zpyv2QJCZ1zaWZKnPv/5jgkaitE7WHomV4Mxu6kgHY1ruIQ1oTikEta/Sux3E8pZAozzJRsAUu3iDZA==
  
  single-line-log@^1.1.2:
    version "1.1.2"
    resolved "https://registry.npmmirror.com/single-line-log/-/single-line-log-1.1.2.tgz#c2f83f273a3e1a16edb0995661da0ed5ef033364"
    integrity sha512-awzaaIPtYFdexLr6TBpcZSGPB6D1RInNO/qNetgaJloPDF/D0GkVtLvGEp8InfmLV7CyLyQ5fIRP+tVN/JmWQA==
    dependencies:
      string-width "^1.0.1"
  
  slide@^1.1.5:
    version "1.1.6"
    resolved "https://registry.npmmirror.com/slide/-/slide-1.1.6.tgz#56eb027d65b4d2dce6cb2e2d32c4d4afc9e1d707"
    integrity sha512-NwrtjCg+lZoqhFU8fOwl4ay2ei8PaqCBOUV3/ektPY9trO1yQ1oXEfmHAhKArUVUr/hOHvy5f6AdP17dCM0zMw==
  
  string-width@^1.0.1:
    version "1.0.2"
    resolved "https://registry.npmmirror.com/string-width/-/string-width-1.0.2.tgz#118bdf5b8cdc51a2a7e70d211e07e2b0b9b107d3"
    integrity sha512-0XsVpQLnVCXHJfyEs8tC0zpTVIr5PKKsQtkT29IwupnPTjtPmQ3xT/4yCREF9hYkV/3M3kzcUTSAZT6a6h81tw==
    dependencies:
      code-point-at "^1.0.0"
      is-fullwidth-code-point "^1.0.0"
      strip-ansi "^3.0.0"
  
  strip-ansi@^3.0.0:
    version "3.0.1"
    resolved "https://registry.npmmirror.com/strip-ansi/-/strip-ansi-3.0.1.tgz#6a385fb8853d952d5ff05d0e8aaf94278dc63dcf"
    integrity sha512-VhumSSbBqDTP8p2ZLKj40UjBCV4+v8bUSEpUb4KjRgWk9pbqGF4REFj6KEagidb2f/M6AzC0EmFyDNGaw9OCzg==
    dependencies:
      ansi-regex "^2.0.0"
  
  tencentcloud-sdk-nodejs@^4.0.423:
    version "4.0.556"
    resolved "https://registry.npmmirror.com/tencentcloud-sdk-nodejs/-/tencentcloud-sdk-nodejs-4.0.556.tgz#317e1788ce6f0cdd808b3ed400a8da7dce89333d"
    integrity sha512-heZBhTGMh+QLfQFp9kCtxcRlK3dnqSB42DlJKOjVRXaidD3x+TcVAWO15WHh8KZecpE7D0pbUZjnrdyyy7Nw3g==
    dependencies:
      form-data "^3.0.0"
      get-stream "^6.0.0"
      https-proxy-agent "^5.0.0"
      is-stream "^2.0.0"
      node-fetch "^2.2.0"
      tslib "1.13.0"
  
  timed-out@^4.0.0:
    version "4.0.1"
    resolved "https://registry.npmmirror.com/timed-out/-/timed-out-4.0.1.tgz#f32eacac5a175bea25d7fab565ab3ed8741ef56f"
    integrity sha512-G7r3AhovYtr5YKOWQkta8RKAPb+J9IsO4uVmzjl8AZwfhs8UcUwTiD6gcJYSgOtzyjvQKrKYn41syHbUWMkafA==
  
  tr46@~0.0.3:
    version "0.0.3"
    resolved "https://registry.npmmirror.com/tr46/-/tr46-0.0.3.tgz#8184fd347dac9cdc185992f3a6622e14b9d9ab6a"
    integrity sha512-N3WMsuqV66lT30CrXNbEjx4GEwlow3v6rr4mCcv6prnfwhS01rkgyFdjPNBYd9br7LpXV1+Emh01fHnq2Gdgrw==
  
  tslib@1.13.0:
    version "1.13.0"
    resolved "https://registry.npmmirror.com/tslib/-/tslib-1.13.0.tgz#c881e13cc7015894ed914862d276436fa9a47043"
    integrity sha512-i/6DQjL8Xf3be4K/E6Wgpekn5Qasl1usyw++dAA35Ue5orEn65VIxOA+YvNNl9HV3qv70T7CNwjODHZrLwvd1Q==
  
  unzip-response@^2.0.1:
    version "2.0.1"
    resolved "https://registry.npmmirror.com/unzip-response/-/unzip-response-2.0.1.tgz#d2f0f737d16b0615e72a6935ed04214572d56f97"
    integrity sha512-N0XH6lqDtFH84JxptQoZYmloF4nzrQqqrAymNj+/gW60AO2AZgOcf4O/nUXJcYfyQkqvMo9lSupBZmmgvuVXlw==
  
  url-parse-lax@^1.0.0:
    version "1.0.0"
    resolved "https://registry.npmmirror.com/url-parse-lax/-/url-parse-lax-1.0.0.tgz#7af8f303645e9bd79a272e7a14ac68bc0609da73"
    integrity sha512-BVA4lR5PIviy2PMseNd2jbFQ+jwSwQGdJejf5ctd1rEXt0Ypd7yanUK9+lYechVlN5VaTJGsu2U/3MDDu6KgBA==
    dependencies:
      prepend-http "^1.0.1"
  
  uuid@^2.0.1:
    version "2.0.3"
    resolved "https://registry.npmmirror.com/uuid/-/uuid-2.0.3.tgz#67e2e863797215530dff318e5bf9dcebfd47b21a"
    integrity sha512-FULf7fayPdpASncVy4DLh3xydlXEJJpvIELjYjNeQWYUZ9pclcpvCZSr2gkmN2FrrGcI7G/cJsIEwk5/8vfXpg==
  
  webidl-conversions@^3.0.0:
    version "3.0.1"
    resolved "https://registry.npmmirror.com/webidl-conversions/-/webidl-conversions-3.0.1.tgz#24534275e2a7bc6be7bc86611cc16ae0a5654871"
    integrity sha512-2JAn3z8AR6rjK8Sm8orRC0h/bcl/DqL7tRPdGZ4I1CjdF+EaMLmYxBHyXuKL849eucPFhvBoxMsflfOb8kxaeQ==
  
  whatwg-url@^5.0.0:
    version "5.0.0"
    resolved "https://registry.npmmirror.com/whatwg-url/-/whatwg-url-5.0.0.tgz#966454e8765462e37644d3626f6742ce8b70965d"
    integrity sha512-saE57nupxk6v3HY35+jzBwYa0rKSy0XR8JSxZPwgLr7ys0IBzhGviA1/TUGJLmSVqs8pb9AnvICXEuOHLprYTw==
    dependencies:
      tr46 "~0.0.3"
      webidl-conversions "^3.0.0"
  
  write-file-atomic@^1.1.2:
    version "1.3.4"
    resolved "https://registry.npmmirror.com/write-file-atomic/-/write-file-atomic-1.3.4.tgz#f807a4f0b1d9e913ae7a48112e6cc3af1991b45f"
    integrity sha512-SdrHoC/yVBPpV0Xq/mUZQIpW2sWXAShb/V4pomcJXh92RuaO+f3UTWItiR3Px+pLnV2PvC2/bfn5cwr5X6Vfxw==
    dependencies:
      graceful-fs "^4.1.11"
      imurmurhash "^0.1.4"
      slide "^1.1.5"
  
  xdg-basedir@^2.0.0:
    version "2.0.0"
    resolved "https://registry.npmmirror.com/xdg-basedir/-/xdg-basedir-2.0.0.tgz#edbc903cc385fc04523d966a335504b5504d1bd2"
    integrity sha512-NF1pPn594TaRSUO/HARoB4jK8I+rWgcpVlpQCK6/6o5PHyLUt2CSiDrpUZbQ6rROck+W2EwF8mBJcTs+W98J9w==
    dependencies:
      os-homedir "^1.0.0"
